\BOOKMARK [0][-]{chapter.1}{\376\377\000I\000n\000s\000t\000a\000l\000l\000a\000t\000i\000o\000n\000\040\000u\000n\000d\000\040\000S\000e\000t\000u\000p}{}% 1
\BOOKMARK [1][-]{section.1.1}{\376\377\000S\000y\000s\000t\000e\000m\000a\000n\000f\000o\000r\000d\000e\000r\000u\000n\000g\000e\000n}{chapter.1}% 2
\BOOKMARK [1][-]{section.1.2}{\376\377\000I\000n\000s\000t\000a\000l\000l\000a\000t\000i\000o\000n\000\040\000f\000\374\000r\000\040\000E\000n\000t\000w\000i\000c\000k\000l\000e\000r}{chapter.1}% 3
\BOOKMARK [2][-]{subsection.1.2.1}{\376\377\000V\000o\000r\000a\000u\000s\000s\000e\000t\000z\000u\000n\000g\000e\000n}{section.1.2}% 4
\BOOKMARK [2][-]{subsection.1.2.2}{\376\377\000P\000r\000o\000j\000e\000k\000t\000\040\000S\000e\000t\000u\000p}{section.1.2}% 5
\BOOKMARK [2][-]{subsection.1.2.3}{\376\377\000D\000e\000p\000e\000n\000d\000e\000n\000c\000i\000e\000s}{section.1.2}% 6
\BOOKMARK [1][-]{section.1.3}{\376\377\000I\000n\000s\000t\000a\000l\000l\000a\000t\000i\000o\000n\000\040\000f\000\374\000r\000\040\000S\000p\000i\000e\000l\000e\000r}{chapter.1}% 7
\BOOKMARK [2][-]{subsection.1.3.1}{\376\377\000W\000i\000n\000d\000o\000w\000s\000\040\000S\000t\000a\000n\000d\000a\000l\000o\000n\000e}{section.1.3}% 8
\BOOKMARK [1][-]{section.1.4}{\376\377\000E\000r\000s\000t\000e\000\040\000S\000c\000h\000r\000i\000t\000t\000e}{chapter.1}% 9
\BOOKMARK [2][-]{subsection.1.4.1}{\376\377\000F\000\374\000r\000\040\000E\000n\000t\000w\000i\000c\000k\000l\000e\000r}{section.1.4}% 10
\BOOKMARK [2][-]{subsection.1.4.2}{\376\377\000F\000\374\000r\000\040\000S\000p\000i\000e\000l\000e\000r}{section.1.4}% 11
\BOOKMARK [0][-]{chapter.2}{\376\377\000\334\000b\000e\000r\000s\000i\000c\000h\000t}{}% 12
\BOOKMARK [1][-]{section.2.1}{\376\377\000S\000p\000i\000e\000l\000n\000a\000m\000e\000\040\000u\000n\000d\000\040\000G\000e\000n\000r\000e}{chapter.2}% 13
\BOOKMARK [1][-]{section.2.2}{\376\377\000K\000u\000r\000z\000b\000e\000s\000c\000h\000r\000e\000i\000b\000u\000n\000g}{chapter.2}% 14
\BOOKMARK [1][-]{section.2.3}{\376\377\000Z\000i\000e\000l\000g\000r\000u\000p\000p\000e}{chapter.2}% 15
\BOOKMARK [1][-]{section.2.4}{\376\377\000P\000l\000a\000t\000t\000f\000o\000r\000m}{chapter.2}% 16
\BOOKMARK [1][-]{section.2.5}{\376\377\000K\000e\000r\000n\000-\000G\000a\000m\000e\000p\000l\000a\000y\000\040\000L\000o\000o\000p}{chapter.2}% 17
\BOOKMARK [1][-]{section.2.6}{\376\377\000P\000a\000r\000t\000-\000S\000y\000s\000t\000e\000m\000\040\000\334\000b\000e\000r\000s\000i\000c\000h\000t}{chapter.2}% 18
\BOOKMARK [2][-]{subsection.2.6.1}{\376\377\000P\000a\000r\000t\000-\000A\000u\000f\000b\000a\000u}{section.2.6}% 19
\BOOKMARK [2][-]{subsection.2.6.2}{\376\377\000T\000h\000e\000m\000a\000t\000i\000s\000c\000h\000e\000\040\000S\000p\000e\000z\000i\000a\000l\000i\000s\000i\000e\000r\000u\000n\000g}{section.2.6}% 20
\BOOKMARK [2][-]{subsection.2.6.3}{\376\377\000M\000e\000r\000g\000e\000-\000S\000y\000s\000t\000e\000m}{section.2.6}% 21
\BOOKMARK [1][-]{section.2.7}{\376\377\000A\000l\000l\000e\000i\000n\000s\000t\000e\000l\000l\000u\000n\000g\000s\000m\000e\000r\000k\000m\000a\000l\000e}{chapter.2}% 22
\BOOKMARK [0][-]{chapter.3}{\376\377\000G\000a\000m\000e\000p\000l\000a\000y}{}% 23
\BOOKMARK [1][-]{section.3.1}{\376\377\000C\000o\000r\000e\000\040\000G\000a\000m\000e\000p\000l\000a\000y\000\040\000L\000o\000o\000p}{chapter.3}% 24
\BOOKMARK [2][-]{subsection.3.1.1}{\376\377\000A\000s\000s\000e\000m\000b\000l\000y\000\040\000P\000h\000a\000s\000e}{section.3.1}% 25
\BOOKMARK [2][-]{subsection.3.1.2}{\376\377\000C\000o\000m\000b\000a\000t\000\040\000P\000h\000a\000s\000e}{section.3.1}% 26
\BOOKMARK [1][-]{section.3.2}{\376\377\000P\000a\000r\000t\000-\000S\000y\000s\000t\000e\000m}{chapter.3}% 27
\BOOKMARK [2][-]{subsection.3.2.1}{\376\377\000A\000u\000s\000r\000\374\000s\000t\000u\000n\000g\000s\000s\000l\000o\000t\000s}{section.3.2}% 28
\BOOKMARK [2][-]{subsection.3.2.2}{\376\377\000S\000p\000e\000c\000i\000a\000l\000\040\000A\000b\000i\000l\000i\000t\000i\000e\000s}{section.3.2}% 29
\BOOKMARK [2][-]{subsection.3.2.3}{\376\377\000T\000h\000e\000m\000a\000t\000i\000s\000c\000h\000e\000\040\000S\000p\000e\000z\000i\000a\000l\000i\000s\000i\000e\000r\000u\000n\000g}{section.3.2}% 30
\BOOKMARK [1][-]{section.3.3}{\376\377\000S\000t\000e\000u\000e\000r\000u\000n\000g}{chapter.3}% 31
\BOOKMARK [2][-]{subsection.3.3.1}{\376\377\000M\000a\000u\000s\000s\000t\000e\000u\000e\000r\000u\000n\000g}{section.3.3}% 32
\BOOKMARK [1][-]{section.3.4}{\376\377\000S\000t\000r\000a\000t\000e\000g\000i\000s\000c\000h\000e\000\040\000T\000i\000e\000f\000e}{chapter.3}% 33
\BOOKMARK [2][-]{subsection.3.4.1}{\376\377\000B\000u\000i\000l\000d\000-\000A\000r\000c\000h\000e\000t\000y\000p\000e\000n}{section.3.4}% 34
\BOOKMARK [2][-]{subsection.3.4.2}{\376\377\000S\000t\000r\000a\000t\000e\000g\000i\000s\000c\000h\000e\000\040\000E\000n\000t\000s\000c\000h\000e\000i\000d\000u\000n\000g\000e\000n}{section.3.4}% 35
\BOOKMARK [0][-]{chapter.4}{\376\377\000W\000e\000i\000t\000e\000r\000e\000\040\000I\000n\000h\000a\000l\000t\000e}{}% 36
\BOOKMARK [1][-]{section.4.1}{\376\377\000T\000h\000e\000m\000a\000t\000i\000s\000c\000h\000e\000r\000\040\000R\000a\000h\000m\000e\000n}{chapter.4}% 37
\BOOKMARK [2][-]{subsection.4.1.1}{\376\377\000S\000e\000t\000t\000i\000n\000g}{section.4.1}% 38
\BOOKMARK [1][-]{section.4.2}{\376\377\000V\000i\000s\000u\000e\000l\000l\000e\000r\000\040\000S\000t\000i\000l\000\040\000u\000n\000d\000\040\000F\000a\000r\000b\000s\000c\000h\000e\000m\000a}{chapter.4}% 39
\BOOKMARK [2][-]{subsection.4.2.1}{\376\377\000D\000e\000s\000i\000g\000n\000p\000r\000i\000n\000z\000i\000p\000i\000e\000n}{section.4.2}% 40
\BOOKMARK [2][-]{subsection.4.2.2}{\376\377\000F\000a\000r\000b\000p\000a\000l\000e\000t\000t\000e}{section.4.2}% 41
\BOOKMARK [1][-]{section.4.3}{\376\377\000A\000u\000d\000i\000o\000-\000S\000y\000s\000t\000e\000m}{chapter.4}% 42
\BOOKMARK [2][-]{subsection.4.3.1}{\376\377\000K\000o\000m\000p\000o\000n\000e\000n\000t\000e\000n}{section.4.3}% 43
\BOOKMARK [2][-]{subsection.4.3.2}{\376\377\000A\000u\000d\000i\000o\000-\000E\000i\000n\000s\000t\000e\000l\000l\000u\000n\000g\000e\000n}{section.4.3}% 44
\BOOKMARK [1][-]{section.4.4}{\376\377\000K\000I\000\040\000V\000e\000r\000h\000a\000l\000t\000e\000n}{chapter.4}% 45
\BOOKMARK [2][-]{subsection.4.4.1}{\376\377\000C\000o\000m\000b\000a\000t\000\040\000K\000I}{section.4.4}% 46
\BOOKMARK [2][-]{subsection.4.4.2}{\376\377\000P\000o\000s\000i\000t\000i\000o\000n\000s\000s\000y\000s\000t\000e\000m}{section.4.4}% 47
\BOOKMARK [2][-]{subsection.4.4.3}{\376\377\000B\000a\000l\000a\000n\000c\000e\000\040\000M\000e\000c\000h\000a\000n\000i\000k\000e\000n}{section.4.4}% 48
\BOOKMARK [0][-]{chapter.5}{\376\377\000T\000e\000c\000h\000n\000i\000s\000c\000h\000e\000\040\000D\000o\000k\000u\000m\000e\000n\000t\000a\000t\000i\000o\000n}{}% 49
\BOOKMARK [1][-]{section.5.1}{\376\377\000G\000a\000m\000e\000\040\000E\000n\000g\000i\000n\000e\000\040\000u\000n\000d\000\040\000v\000e\000r\000w\000e\000n\000d\000e\000t\000e\000\040\000T\000o\000o\000l\000s}{chapter.5}% 50
\BOOKMARK [2][-]{subsection.5.1.1}{\376\377\000U\000n\000i\000t\000y\000\040\000E\000n\000g\000i\000n\000e}{section.5.1}% 51
\BOOKMARK [2][-]{subsection.5.1.2}{\376\377\000E\000x\000t\000e\000r\000n\000e\000\040\000P\000a\000k\000e\000t\000e}{section.5.1}% 52
\BOOKMARK [1][-]{section.5.2}{\376\377\000C\000o\000d\000e\000\040\000A\000r\000c\000h\000i\000t\000e\000k\000t\000u\000r}{chapter.5}% 53
\BOOKMARK [2][-]{subsection.5.2.1}{\376\377\000Z\000e\000n\000t\000r\000a\000l\000e\000\040\000M\000a\000n\000a\000g\000e\000r\000s\000y\000s\000t\000e\000m\000e}{section.5.2}% 54
\BOOKMARK [2][-]{subsection.5.2.2}{\376\377\000S\000c\000r\000i\000p\000t\000a\000b\000l\000e\000O\000b\000j\000e\000c\000t\000\040\000A\000r\000c\000h\000i\000t\000e\000k\000t\000u\000r}{section.5.2}% 55
\BOOKMARK [2][-]{subsection.5.2.3}{\376\377\000U\000I\000\040\000A\000r\000c\000h\000i\000t\000e\000k\000t\000u\000r}{section.5.2}% 56
\BOOKMARK [1][-]{section.5.3}{\376\377\000P\000a\000r\000t\000\040\000S\000y\000s\000t\000e\000m\000\040\000I\000m\000p\000l\000e\000m\000e\000n\000t\000a\000t\000i\000o\000n}{chapter.5}% 57
\BOOKMARK [2][-]{subsection.5.3.1}{\376\377\000S\000t\000a\000t\000\040\000B\000u\000d\000g\000e\000t\000\040\000S\000y\000s\000t\000e\000m}{section.5.3}% 58
\BOOKMARK [2][-]{subsection.5.3.2}{\376\377\000S\000p\000e\000c\000i\000a\000l\000\040\000A\000b\000i\000l\000i\000t\000i\000e\000s\000\040\000K\000o\000s\000t\000e\000n}{section.5.3}% 59
\BOOKMARK [1][-]{section.5.4}{\376\377\000B\000u\000i\000l\000d\000\040\000u\000n\000d\000\040\000D\000e\000p\000l\000o\000y\000m\000e\000n\000t}{chapter.5}% 60
\BOOKMARK [2][-]{subsection.5.4.1}{\376\377\000B\000u\000i\000l\000d\000k\000o\000n\000f\000i\000g\000u\000r\000a\000t\000i\000o\000n}{section.5.4}% 61
\BOOKMARK [2][-]{subsection.5.4.2}{\376\377\000A\000s\000s\000e\000t\000m\000a\000n\000a\000g\000e\000m\000e\000n\000t}{section.5.4}% 62
\BOOKMARK [0][-]{chapter.6}{\376\377\000E\000n\000t\000w\000i\000c\000k\000l\000u\000n\000g\000s\000p\000r\000o\000z\000e\000s\000s}{}% 63
\BOOKMARK [1][-]{section.6.1}{\376\377\000P\000r\000o\000j\000e\000k\000t\000p\000l\000a\000n\000u\000n\000g\000\040\000u\000n\000d\000\040\000M\000e\000i\000l\000e\000n\000s\000t\000e\000i\000n\000e}{chapter.6}% 64
\BOOKMARK [2][-]{subsection.6.1.1}{\376\377\000E\000n\000t\000w\000i\000c\000k\000l\000u\000n\000g\000s\000a\000n\000s\000a\000t\000z}{section.6.1}% 65
\BOOKMARK [2][-]{subsection.6.1.2}{\376\377\000T\000e\000c\000h\000n\000o\000l\000o\000g\000i\000e\000\040\000E\000n\000t\000s\000c\000h\000e\000i\000d\000u\000n\000g\000e\000n}{section.6.1}% 66
\BOOKMARK [1][-]{section.6.2}{\376\377\000H\000e\000r\000a\000u\000s\000f\000o\000r\000d\000e\000r\000u\000n\000g\000e\000n\000\040\000u\000n\000d\000\040\000L\000\366\000s\000u\000n\000g\000s\000a\000n\000s\000\344\000t\000z\000e}{chapter.6}% 67
\BOOKMARK [2][-]{subsection.6.2.1}{\376\377\000P\000a\000r\000t\000s\000y\000s\000t\000e\000m\000\040\000K\000o\000m\000p\000l\000e\000x\000i\000t\000\344\000t}{section.6.2}% 68
\BOOKMARK [2][-]{subsection.6.2.2}{\376\377\000U\000I\000\040\000S\000k\000a\000l\000i\000e\000r\000u\000n\000g}{section.6.2}% 69
\BOOKMARK [2][-]{subsection.6.2.3}{\376\377\000S\000a\000v\000e\000s\000y\000s\000t\000e\000m\000\040\000I\000n\000t\000e\000g\000r\000a\000t\000i\000o\000n}{section.6.2}% 70
\BOOKMARK [1][-]{section.6.3}{\376\377\000D\000e\000s\000i\000g\000n\000e\000n\000t\000s\000c\000h\000e\000i\000d\000u\000n\000g\000e\000n}{chapter.6}% 71
\BOOKMARK [2][-]{subsection.6.3.1}{\376\377\000A\000u\000t\000o\000m\000a\000t\000i\000s\000i\000e\000r\000t\000e\000\040\000K\000\344\000m\000p\000f\000e}{section.6.3}% 72
\BOOKMARK [2][-]{subsection.6.3.2}{\376\377\000S\000i\000n\000g\000l\000e\000\040\000S\000c\000e\000n\000e\000\040\000A\000s\000s\000e\000m\000b\000l\000y}{section.6.3}% 73
\BOOKMARK [2][-]{subsection.6.3.3}{\376\377\000M\000a\000n\000a\000g\000e\000r\000p\000a\000t\000t\000e\000r\000n}{section.6.3}% 74
\BOOKMARK [1][-]{section.6.4}{\376\377\000E\000r\000r\000e\000i\000c\000h\000t\000e\000\040\000Z\000i\000e\000l\000e\000\040\000u\000n\000d\000\040\000W\000e\000i\000t\000e\000r\000e\000n\000t\000w\000i\000c\000k\000l\000u\000n\000g}{chapter.6}% 75
\BOOKMARK [2][-]{subsection.6.4.1}{\376\377\000E\000r\000f\000o\000l\000g\000r\000e\000i\000c\000h\000\040\000i\000m\000p\000l\000e\000m\000e\000n\000t\000i\000e\000r\000t}{section.6.4}% 76
\BOOKMARK [2][-]{subsection.6.4.2}{\376\377\000V\000e\000r\000b\000e\000s\000s\000e\000r\000u\000n\000g\000s\000p\000o\000t\000e\000n\000t\000i\000a\000l}{section.6.4}% 77
\BOOKMARK [2][-]{subsection.6.4.3}{\376\377\000F\000a\000z\000i\000t}{section.6.4}% 78
\BOOKMARK [0][-]{chapter.7}{\376\377\000S\000p\000i\000e\000l\000a\000n\000l\000e\000i\000t\000u\000n\000g}{}% 79
\BOOKMARK [1][-]{section.7.1}{\376\377\000E\000i\000n\000l\000e\000i\000t\000u\000n\000g}{chapter.7}% 80
\BOOKMARK [1][-]{section.7.2}{\376\377\000S\000p\000i\000e\000l\000s\000t\000a\000r\000t}{chapter.7}% 81
\BOOKMARK [2][-]{subsection.7.2.1}{\376\377\000E\000r\000s\000t\000e\000\040\000S\000c\000h\000r\000i\000t\000t\000e}{section.7.2}% 82
\BOOKMARK [1][-]{section.7.3}{\376\377\000S\000t\000e\000u\000e\000r\000u\000n\000g}{chapter.7}% 83
\BOOKMARK [2][-]{subsection.7.3.1}{\376\377\000M\000a\000u\000s\000s\000t\000e\000u\000e\000r\000u\000n\000g}{section.7.3}% 84
\BOOKMARK [2][-]{subsection.7.3.2}{\376\377\000U\000I\000\040\000N\000a\000v\000i\000g\000a\000t\000i\000o\000n}{section.7.3}% 85
\BOOKMARK [1][-]{section.7.4}{\376\377\000K\000e\000r\000n\000m\000e\000c\000h\000a\000n\000i\000k\000e\000n}{chapter.7}% 86
\BOOKMARK [2][-]{subsection.7.4.1}{\376\377\000P\000a\000r\000t\000s\000y\000s\000t\000e\000m}{section.7.4}% 87
\BOOKMARK [2][-]{subsection.7.4.2}{\376\377\000S\000p\000e\000c\000i\000a\000l\000\040\000A\000b\000i\000l\000i\000t\000i\000e\000s}{section.7.4}% 88
\BOOKMARK [2][-]{subsection.7.4.3}{\376\377\000P\000a\000r\000t\000m\000a\000n\000a\000g\000e\000m\000e\000n\000t}{section.7.4}% 89
\BOOKMARK [1][-]{section.7.5}{\376\377\000P\000r\000o\000g\000r\000e\000s\000s\000i\000o\000n}{chapter.7}% 90
\BOOKMARK [2][-]{subsection.7.5.1}{\376\377\000W\000e\000l\000l\000e\000n\000s\000y\000s\000t\000e\000m}{section.7.5}% 91
\BOOKMARK [2][-]{subsection.7.5.2}{\376\377\000M\000i\000n\000i\000o\000n\000u\000n\000l\000o\000c\000k\000s}{section.7.5}% 92
\BOOKMARK [1][-]{section.7.6}{\376\377\000S\000t\000r\000a\000t\000e\000g\000i\000s\000c\000h\000e\000\040\000T\000i\000p\000p\000s}{chapter.7}% 93
\BOOKMARK [2][-]{subsection.7.6.1}{\376\377\000F\000\374\000r\000\040\000A\000n\000f\000\344\000n\000g\000e\000r}{section.7.6}% 94
\BOOKMARK [2][-]{subsection.7.6.2}{\376\377\000F\000o\000r\000t\000g\000e\000s\000c\000h\000r\000i\000t\000t\000e\000n\000e\000\040\000T\000a\000k\000t\000i\000k\000e\000n}{section.7.6}% 95
\BOOKMARK [1][-]{section.7.7}{\376\377\000H\000\344\000u\000f\000i\000g\000e\000\040\000F\000e\000h\000l\000e\000r}{chapter.7}% 96
\BOOKMARK [0][-]{chapter.8}{\376\377\000Q\000u\000e\000l\000l\000e\000n\000\040\000u\000n\000d\000\040\000R\000e\000f\000e\000r\000e\000n\000z\000e\000n}{}% 97
\BOOKMARK [1][-]{section.8.1}{\376\377\000G\000a\000m\000e\000\040\000D\000e\000s\000i\000g\000n\000\040\000R\000e\000f\000e\000r\000e\000n\000z\000e\000n}{chapter.8}% 98
\BOOKMARK [2][-]{subsection.8.1.1}{\376\377\000G\000a\000m\000e\000p\000l\000a\000y\000i\000n\000s\000p\000i\000r\000a\000t\000i\000o\000n}{section.8.1}% 99
\BOOKMARK [2][-]{subsection.8.1.2}{\376\377\000U\000I\000/\000U\000X\000\040\000D\000e\000s\000i\000g\000n}{section.8.1}% 100
\BOOKMARK [1][-]{section.8.2}{\376\377\000T\000e\000c\000h\000n\000i\000s\000c\000h\000e\000\040\000R\000e\000s\000s\000o\000u\000r\000c\000e\000n}{chapter.8}% 101
\BOOKMARK [2][-]{subsection.8.2.1}{\376\377\000U\000n\000i\000t\000y\000\040\000E\000n\000g\000i\000n\000e}{section.8.2}% 102
\BOOKMARK [2][-]{subsection.8.2.2}{\376\377\000A\000s\000s\000e\000t\000\040\000H\000e\000r\000k\000u\000n\000f\000t\000\040\000u\000n\000d\000\040\000E\000i\000g\000e\000n\000l\000e\000i\000s\000t\000u\000n\000g}{section.8.2}% 103
\BOOKMARK [1][-]{section.8.3}{\376\377\000C\000o\000d\000e\000\040\000B\000i\000b\000l\000i\000o\000t\000h\000e\000k\000e\000n\000\040\000u\000n\000d\000\040\000T\000o\000o\000l\000s}{chapter.8}% 104
\BOOKMARK [2][-]{subsection.8.3.1}{\376\377\000U\000n\000i\000t\000y\000\040\000P\000a\000c\000k\000a\000g\000e\000s}{section.8.3}% 105
\BOOKMARK [2][-]{subsection.8.3.2}{\376\377\000D\000e\000v\000e\000l\000o\000p\000m\000e\000n\000t\000\040\000T\000o\000o\000l\000s}{section.8.3}% 106
\BOOKMARK [1][-]{section.8.4}{\376\377\000E\000x\000t\000e\000r\000n\000e\000\040\000E\000n\000t\000w\000i\000c\000k\000l\000e\000r\000r\000e\000s\000s\000o\000u\000r\000c\000e\000n}{chapter.8}% 107
\BOOKMARK [2][-]{subsection.8.4.1}{\376\377\000C\000o\000m\000m\000u\000n\000i\000t\000y\000\040\000u\000n\000d\000\040\000D\000o\000c\000u\000m\000e\000n\000t\000a\000t\000i\000o\000n}{section.8.4}% 108
\BOOKMARK [0][-]{chapter.9}{\376\377\000D\000e\000m\000o\000\040\000u\000n\000d\000\040\000Z\000u\000s\000a\000t\000z\000m\000a\000t\000e\000r\000i\000a\000l\000i\000e\000n}{}% 109
\BOOKMARK [1][-]{section.9.1}{\376\377\000P\000r\000o\000j\000e\000k\000t\000-\000R\000e\000p\000o\000s\000i\000t\000o\000r\000y}{chapter.9}% 110
\BOOKMARK [2][-]{subsection.9.1.1}{\376\377\000S\000o\000u\000r\000c\000e\000\040\000C\000o\000d\000e}{section.9.1}% 111
\BOOKMARK [2][-]{subsection.9.1.2}{\376\377\000P\000r\000o\000j\000e\000k\000t\000-\000S\000t\000r\000u\000k\000t\000u\000r}{section.9.1}% 112
\BOOKMARK [1][-]{section.9.2}{\376\377\000G\000a\000m\000e\000p\000l\000a\000y\000-\000F\000e\000a\000t\000u\000r\000e\000s}{chapter.9}% 113
\BOOKMARK [2][-]{subsection.9.2.1}{\376\377\000I\000m\000p\000l\000e\000m\000e\000n\000t\000i\000e\000r\000t\000e\000\040\000C\000o\000r\000e\000-\000F\000e\000a\000t\000u\000r\000e\000s}{section.9.2}% 114
\BOOKMARK [2][-]{subsection.9.2.2}{\376\377\000D\000e\000m\000o\000u\000m\000f\000a\000n\000g}{section.9.2}% 115
\BOOKMARK [1][-]{section.9.3}{\376\377\000T\000e\000c\000h\000n\000i\000s\000c\000h\000e\000\040\000D\000e\000m\000o\000n\000s\000t\000r\000a\000t\000i\000o\000n}{chapter.9}% 116
\BOOKMARK [1][-]{section.9.4}{\376\377\000W\000e\000i\000t\000e\000r\000e\000n\000t\000w\000i\000c\000k\000l\000u\000n\000g}{chapter.9}% 117
\BOOKMARK [2][-]{subsection.9.4.1}{\376\377\000G\000e\000p\000l\000a\000n\000t\000e\000\040\000F\000e\000a\000t\000u\000r\000e\000s}{section.9.4}% 118
\BOOKMARK [2][-]{subsection.9.4.2}{\376\377\000P\000o\000t\000e\000n\000t\000i\000e\000l\000l\000e\000\040\000E\000r\000w\000e\000i\000t\000e\000r\000u\000n\000g\000e\000n}{section.9.4}% 119
